{"C:\\Users\\marcel.barner\\Documents\\GitHub\\AngularsLittleHelpers\\projects\\ngx-policy-authorization\\src\\lib\\models\\authorization-options.ts": {"path":"C:\\Users\\marcel.barner\\Documents\\GitHub\\AngularsLittleHelpers\\projects\\ngx-policy-authorization\\src\\lib\\models\\authorization-options.ts","statementMap":{"0":{"start":{"line":1,"column":0},"end":{"line":1,"column":54}},"1":{"start":{"line":3,"column":0},"end":{"line":3,"column":76}},"2":{"start":{"line":15,"column":4},"end":{"line":15,"column":59}},"3":{"start":{"line":26,"column":4},"end":{"line":28,"column":null}},"4":{"start":{"line":27,"column":6},"end":{"line":27,"column":98}},"5":{"start":{"line":29,"column":48},"end":{"line":29,"column":80}},"6":{"start":{"line":30,"column":4},"end":{"line":30,"column":20}},"7":{"start":{"line":31,"column":4},"end":{"line":31,"column":51}},"8":{"start":{"line":34,"column":4},"end":{"line":34,"column":41}},"9":{"start":{"line":10,"column":0},"end":{"line":10,"column":13}}},"fnMap":{"0":{"name":"(anonymous_0)","decl":{"start":{"line":14,"column":2},"end":{"line":14,"column":null}},"loc":{"start":{"line":14,"column":2},"end":{"line":16,"column":3}}},"1":{"name":"(anonymous_1)","decl":{"start":{"line":25,"column":9},"end":{"line":25,"column":18}},"loc":{"start":{"line":25,"column":86},"end":{"line":32,"column":3}}},"2":{"name":"(anonymous_2)","decl":{"start":{"line":33,"column":9},"end":{"line":33,"column":18}},"loc":{"start":{"line":33,"column":37},"end":{"line":35,"column":3}}}},"branchMap":{"0":{"loc":{"start":{"line":26,"column":4},"end":{"line":28,"column":null}},"type":"if","locations":[{"start":{"line":26,"column":4},"end":{"line":28,"column":null}},{"start":{"line":26,"column":4},"end":{"line":28,"column":null}}]}},"s":{"0":1,"1":1,"2":6,"3":3,"4":1,"5":2,"6":2,"7":2,"8":2,"9":1},"f":{"0":6,"1":3,"2":2},"b":{"0":[1,2]}}
,"C:\\Users\\marcel.barner\\Documents\\GitHub\\AngularsLittleHelpers\\projects\\ngx-policy-authorization\\src\\lib\\models\\authorization-policy-builder.ts": {"path":"C:\\Users\\marcel.barner\\Documents\\GitHub\\AngularsLittleHelpers\\projects\\ngx-policy-authorization\\src\\lib\\models\\authorization-policy-builder.ts","statementMap":{"0":{"start":{"line":1,"column":0},"end":{"line":1,"column":94}},"1":{"start":{"line":3,"column":0},"end":{"line":3,"column":79}},"2":{"start":{"line":4,"column":0},"end":{"line":4,"column":82}},"3":{"start":{"line":5,"column":0},"end":{"line":5,"column":61}},"4":{"start":{"line":13,"column":19},"end":{"line":13,"column":53}},"5":{"start":{"line":16,"column":4},"end":{"line":16,"column":54}},"6":{"start":{"line":19,"column":4},"end":{"line":19,"column":60}},"7":{"start":{"line":21,"column":4},"end":{"line":21,"column":16}},"8":{"start":{"line":25,"column":4},"end":{"line":25,"column":60}},"9":{"start":{"line":27,"column":4},"end":{"line":27,"column":16}},"10":{"start":{"line":31,"column":4},"end":{"line":31,"column":67}},"11":{"start":{"line":33,"column":4},"end":{"line":33,"column":16}},"12":{"start":{"line":37,"column":4},"end":{"line":37,"column":33}},"13":{"start":{"line":39,"column":4},"end":{"line":39,"column":16}},"14":{"start":{"line":12,"column":0},"end":{"line":12,"column":13}}},"fnMap":{"0":{"name":"(anonymous_0)","decl":{"start":{"line":12,"column":0},"end":{"line":12,"column":13}},"loc":{"start":{"line":12,"column":0},"end":{"line":42,"column":1}}},"1":{"name":"(anonymous_1)","decl":{"start":{"line":15,"column":9},"end":{"line":15,"column":14}},"loc":{"start":{"line":15,"column":14},"end":{"line":17,"column":3}}},"2":{"name":"(anonymous_2)","decl":{"start":{"line":18,"column":9},"end":{"line":18,"column":20}},"loc":{"start":{"line":18,"column":33},"end":{"line":22,"column":3}}},"3":{"name":"(anonymous_3)","decl":{"start":{"line":24,"column":9},"end":{"line":24,"column":22}},"loc":{"start":{"line":24,"column":35},"end":{"line":28,"column":3}}},"4":{"name":"(anonymous_4)","decl":{"start":{"line":30,"column":9},"end":{"line":30,"column":26}},"loc":{"start":{"line":30,"column":39},"end":{"line":34,"column":3}}},"5":{"name":"(anonymous_5)","decl":{"start":{"line":36,"column":9},"end":{"line":36,"column":23}},"loc":{"start":{"line":36,"column":42},"end":{"line":40,"column":3}}}},"branchMap":{},"s":{"0":2,"1":2,"2":2,"3":2,"4":3,"5":2,"6":2,"7":2,"8":0,"9":0,"10":0,"11":0,"12":0,"13":0,"14":2},"f":{"0":3,"1":2,"2":2,"3":0,"4":0,"5":0},"b":{}}
,"C:\\Users\\marcel.barner\\Documents\\GitHub\\AngularsLittleHelpers\\projects\\ngx-policy-authorization\\src\\lib\\models\\authorization-policy.ts": {"path":"C:\\Users\\marcel.barner\\Documents\\GitHub\\AngularsLittleHelpers\\projects\\ngx-policy-authorization\\src\\lib\\models\\authorization-policy.ts","statementMap":{"0":{"start":{"line":13,"column":4},"end":{"line":13,"column":37}},"1":{"start":{"line":16,"column":4},"end":{"line":16,"column":88}},"2":{"start":{"line":16,"column":67},"end":{"line":16,"column":86}},"3":{"start":{"line":10,"column":0},"end":{"line":10,"column":13}}},"fnMap":{"0":{"name":"(anonymous_0)","decl":{"start":{"line":12,"column":2},"end":{"line":12,"column":14}},"loc":{"start":{"line":12,"column":42},"end":{"line":14,"column":3}}},"1":{"name":"(anonymous_1)","decl":{"start":{"line":15,"column":9},"end":{"line":15,"column":18}},"loc":{"start":{"line":15,"column":48},"end":{"line":17,"column":3}}},"2":{"name":"(anonymous_2)","decl":{"start":{"line":16,"column":35},"end":{"line":16,"column":36}},"loc":{"start":{"line":16,"column":67},"end":{"line":16,"column":86}}}},"branchMap":{},"s":{"0":3,"1":0,"2":0,"3":2},"f":{"0":3,"1":0,"2":0},"b":{}}
,"C:\\Users\\marcel.barner\\Documents\\GitHub\\AngularsLittleHelpers\\projects\\ngx-policy-authorization\\src\\lib\\requirements\\static-value-requirement.ts": {"path":"C:\\Users\\marcel.barner\\Documents\\GitHub\\AngularsLittleHelpers\\projects\\ngx-policy-authorization\\src\\lib\\requirements\\static-value-requirement.ts","statementMap":{"0":{"start":{"line":12,"column":4},"end":{"line":12,"column":35}},"1":{"start":{"line":15,"column":4},"end":{"line":15,"column":28}},"2":{"start":{"line":9,"column":0},"end":{"line":9,"column":13}}},"fnMap":{"0":{"name":"(anonymous_0)","decl":{"start":{"line":11,"column":2},"end":{"line":11,"column":14}},"loc":{"start":{"line":11,"column":34},"end":{"line":13,"column":3}}},"1":{"name":"(anonymous_1)","decl":{"start":{"line":14,"column":9},"end":{"line":14,"column":15}},"loc":{"start":{"line":14,"column":37},"end":{"line":16,"column":3}}}},"branchMap":{},"s":{"0":4,"1":1,"2":3},"f":{"0":4,"1":1},"b":{}}
}
