TN:
SF:projects\ngx-policy-authorization\src\lib\models\authorization-options.ts
FN:14,(anonymous_0)
FN:25,(anonymous_1)
FN:33,(anonymous_2)
FNF:3
FNH:3
FNDA:6,(anonymous_0)
FNDA:3,(anonymous_1)
FNDA:2,(anonymous_2)
DA:1,1
DA:3,1
DA:10,1
DA:15,6
DA:26,3
DA:27,1
DA:29,2
DA:30,2
DA:31,2
DA:34,2
LF:10
LH:10
BRDA:26,0,0,1
BRDA:26,0,1,2
BRF:2
BRH:2
end_of_record
TN:
SF:projects\ngx-policy-authorization\src\lib\models\authorization-policy-builder.ts
FN:12,(anonymous_0)
FN:15,(anonymous_1)
FN:18,(anonymous_2)
FN:24,(anonymous_3)
FN:30,(anonymous_4)
FN:36,(anonymous_5)
FNF:6
FNH:3
FNDA:3,(anonymous_0)
FNDA:2,(anonymous_1)
FNDA:2,(anonymous_2)
FNDA:0,(anonymous_3)
FNDA:0,(anonymous_4)
FNDA:0,(anonymous_5)
DA:1,2
DA:3,2
DA:4,2
DA:5,2
DA:12,2
DA:13,3
DA:16,2
DA:19,2
DA:21,2
DA:25,0
DA:27,0
DA:31,0
DA:33,0
DA:37,0
DA:39,0
LF:15
LH:9
BRF:0
BRH:0
end_of_record
TN:
SF:projects\ngx-policy-authorization\src\lib\models\authorization-policy.ts
FN:12,(anonymous_0)
FN:15,(anonymous_1)
FN:16,(anonymous_2)
FNF:3
FNH:1
FNDA:3,(anonymous_0)
FNDA:0,(anonymous_1)
FNDA:0,(anonymous_2)
DA:10,2
DA:13,3
DA:16,0
LF:3
LH:2
BRF:0
BRH:0
end_of_record
TN:
SF:projects\ngx-policy-authorization\src\lib\requirements\static-value-requirement.ts
FN:11,(anonymous_0)
FN:14,(anonymous_1)
FNF:2
FNH:2
FNDA:4,(anonymous_0)
FNDA:1,(anonymous_1)
DA:9,3
DA:12,4
DA:15,1
LF:3
LH:3
BRF:0
BRH:0
end_of_record
